[debug] [2021-12-29T15:03:22.486Z] ----------------------------------------------------------------------
[debug] [2021-12-29T15:03:22.489Z] Command:       C:\Program Files\nodejs\node.exe C:\Users\Marko\AppData\Roaming\npm\node_modules\firebase-tools\lib\bin\firebase.js init
[debug] [2021-12-29T15:03:22.489Z] CLI Version:   10.0.1
[debug] [2021-12-29T15:03:22.490Z] Platform:      win32
[debug] [2021-12-29T15:03:22.490Z] Node Version:  v14.18.0
[debug] [2021-12-29T15:03:22.492Z] Time:          Thu Dec 30 2021 00:03:22 GMT+0900 (Yakutsk Standard Time)
[debug] [2021-12-29T15:03:22.492Z] ----------------------------------------------------------------------
[debug] 
[debug] [2021-12-29T15:03:22.669Z] > command requires scopes: ["email","openid","https://www.googleapis.com/auth/cloudplatformprojects.readonly","https://www.googleapis.com/auth/firebase","https://www.googleapis.com/auth/cloud-platform"]
[debug] [2021-12-29T15:03:22.670Z] > authorizing via signed-in user (babybear88yy@gmail.com)
[info] 
     ######## #### ########  ######## ########     ###     ######  ########
     ##        ##  ##     ## ##       ##     ##  ##   ##  ##       ##
     ######    ##  ########  ######   ########  #########  ######  ######
     ##        ##  ##    ##  ##       ##     ## ##     ##       ## ##
     ##       #### ##     ## ######## ########  ##     ##  ######  ########

You're about to initialize a Firebase project in this directory:

  D:\01_Blockchain Work\07_discord\SolTeethGame

Before we get started, keep in mind:

  * You are initializing within an existing Firebase project directory

[info] 
=== Project Setup
[info] 
[info] First, let's associate this project directory with a Firebase project.
[info] You can create multiple project aliases by running firebase use --add, 
[info] but for now we'll just set up a default project.
[info] 
[debug] [2021-12-29T15:03:47.186Z] Using project from CLI flag: demonpunks-9ce64
[debug] [2021-12-29T15:03:47.191Z] >>> [apiv2][query] GET https://firebase.googleapis.com/v1beta1/projects/demonpunks-9ce64 [none]
[debug] [2021-12-29T15:03:48.631Z] <<< [apiv2][status] GET https://firebase.googleapis.com/v1beta1/projects/demonpunks-9ce64 403
[debug] [2021-12-29T15:03:48.632Z] <<< [apiv2][body] GET https://firebase.googleapis.com/v1beta1/projects/demonpunks-9ce64 {"error":{"code":403,"message":"The caller does not have permission","status":"PERMISSION_DENIED"}}
[debug] [2021-12-29T15:03:48.633Z] HTTP Error: 403, The caller does not have permission
[debug] [2021-12-29T15:03:49.419Z] FirebaseError: HTTP Error: 403, The caller does not have permission
    at module.exports (C:\Users\Marko\AppData\Roaming\npm\node_modules\firebase-tools\lib\responseToError.js:38:12)
    at Client.doRequest (C:\Users\Marko\AppData\Roaming\npm\node_modules\firebase-tools\lib\apiv2.js:241:23)
    at processTicksAndRejections (internal/process/task_queues.js:95:5)
    at async Client.request (C:\Users\Marko\AppData\Roaming\npm\node_modules\firebase-tools\lib\apiv2.js:96:20)
    at async Object.getFirebaseProject (C:\Users\Marko\AppData\Roaming\npm\node_modules\firebase-tools\lib\management\projects.js:290:21)
    at async Object.doSetup [as project] (C:\Users\Marko\AppData\Roaming\npm\node_modules\firebase-tools\lib\init\features\project.js:85:27)
    at async init (C:\Users\Marko\AppData\Roaming\npm\node_modules\firebase-tools\lib\init\index.js:19:9)
[error] 
[error] Error: Failed to get Firebase project demonpunks-9ce64. Please make sure the project exists and your account has permission to access it.
[debug] [2021-12-29T15:05:55.530Z] ----------------------------------------------------------------------
[debug] [2021-12-29T15:05:55.534Z] Command:       C:\Program Files\nodejs\node.exe C:\Users\Marko\AppData\Roaming\npm\node_modules\firebase-tools\lib\bin\firebase.js init
[debug] [2021-12-29T15:05:55.535Z] CLI Version:   10.0.1
[debug] [2021-12-29T15:05:55.535Z] Platform:      win32
[debug] [2021-12-29T15:05:55.535Z] Node Version:  v14.18.0
[debug] [2021-12-29T15:05:55.538Z] Time:          Thu Dec 30 2021 00:05:55 GMT+0900 (Yakutsk Standard Time)
[debug] [2021-12-29T15:05:55.538Z] ----------------------------------------------------------------------
[debug] 
[debug] [2021-12-29T15:05:55.649Z] > command requires scopes: ["email","openid","https://www.googleapis.com/auth/cloudplatformprojects.readonly","https://www.googleapis.com/auth/firebase","https://www.googleapis.com/auth/cloud-platform"]
[debug] [2021-12-29T15:05:55.650Z] > authorizing via signed-in user (babybear88yy@gmail.com)
[info] 
     ######## #### ########  ######## ########     ###     ######  ########
     ##        ##  ##     ## ##       ##     ##  ##   ##  ##       ##
     ######    ##  ########  ######   ########  #########  ######  ######
     ##        ##  ##    ##  ##       ##     ## ##     ##       ## ##
     ##       #### ##     ## ######## ########  ##     ##  ######  ########

You're about to initialize a Firebase project in this directory:

  D:\01_Blockchain Work\07_discord\SolTeethGame

Before we get started, keep in mind:

  * You are initializing within an existing Firebase project directory

[info] 
=== Project Setup
[info] 
[info] First, let's associate this project directory with a Firebase project.
[info] You can create multiple project aliases by running firebase use --add, 
[info] but for now we'll just set up a default project.
[info] 
[debug] [2021-12-29T15:06:21.114Z] Using project from CLI flag: solteethgame-9ce64
[debug] [2021-12-29T15:06:21.120Z] >>> [apiv2][query] GET https://firebase.googleapis.com/v1beta1/projects/solteethgame-9ce64 [none]
[debug] [2021-12-29T15:06:22.461Z] <<< [apiv2][status] GET https://firebase.googleapis.com/v1beta1/projects/solteethgame-9ce64 403
[debug] [2021-12-29T15:06:22.461Z] <<< [apiv2][body] GET https://firebase.googleapis.com/v1beta1/projects/solteethgame-9ce64 {"error":{"code":403,"message":"The caller does not have permission","status":"PERMISSION_DENIED"}}
[debug] [2021-12-29T15:06:22.462Z] HTTP Error: 403, The caller does not have permission
[debug] [2021-12-29T15:06:23.350Z] FirebaseError: HTTP Error: 403, The caller does not have permission
    at module.exports (C:\Users\Marko\AppData\Roaming\npm\node_modules\firebase-tools\lib\responseToError.js:38:12)
    at Client.doRequest (C:\Users\Marko\AppData\Roaming\npm\node_modules\firebase-tools\lib\apiv2.js:241:23)
    at processTicksAndRejections (internal/process/task_queues.js:95:5)
    at async Client.request (C:\Users\Marko\AppData\Roaming\npm\node_modules\firebase-tools\lib\apiv2.js:96:20)
    at async Object.getFirebaseProject (C:\Users\Marko\AppData\Roaming\npm\node_modules\firebase-tools\lib\management\projects.js:290:21)
    at async Object.doSetup [as project] (C:\Users\Marko\AppData\Roaming\npm\node_modules\firebase-tools\lib\init\features\project.js:85:27)
    at async init (C:\Users\Marko\AppData\Roaming\npm\node_modules\firebase-tools\lib\init\index.js:19:9)
[error] 
[error] Error: Failed to get Firebase project solteethgame-9ce64. Please make sure the project exists and your account has permission to access it.
[debug] [2021-12-29T15:07:04.045Z] ----------------------------------------------------------------------
[debug] [2021-12-29T15:07:04.048Z] Command:       C:\Program Files\nodejs\node.exe C:\Users\Marko\AppData\Roaming\npm\node_modules\firebase-tools\lib\bin\firebase.js init
[debug] [2021-12-29T15:07:04.049Z] CLI Version:   10.0.1
[debug] [2021-12-29T15:07:04.049Z] Platform:      win32
[debug] [2021-12-29T15:07:04.049Z] Node Version:  v14.18.0
[debug] [2021-12-29T15:07:04.051Z] Time:          Thu Dec 30 2021 00:07:04 GMT+0900 (Yakutsk Standard Time)
[debug] [2021-12-29T15:07:04.052Z] ----------------------------------------------------------------------
[debug] 
[debug] [2021-12-29T15:07:04.229Z] > command requires scopes: ["email","openid","https://www.googleapis.com/auth/cloudplatformprojects.readonly","https://www.googleapis.com/auth/firebase","https://www.googleapis.com/auth/cloud-platform"]
[debug] [2021-12-29T15:07:04.229Z] > authorizing via signed-in user (babybear88yy@gmail.com)
[info] 
     ######## #### ########  ######## ########     ###     ######  ########
     ##        ##  ##     ## ##       ##     ##  ##   ##  ##       ##
     ######    ##  ########  ######   ########  #########  ######  ######
     ##        ##  ##    ##  ##       ##     ## ##     ##       ## ##
     ##       #### ##     ## ######## ########  ##     ##  ######  ########

You're about to initialize a Firebase project in this directory:

  D:\01_Blockchain Work\07_discord\SolTeethGame

Before we get started, keep in mind:

  * You are initializing within an existing Firebase project directory

[info] 
=== Project Setup
[info] 
[info] First, let's associate this project directory with a Firebase project.
[info] You can create multiple project aliases by running firebase use --add, 
[info] but for now we'll just set up a default project.
[info] 
[debug] [2021-12-29T15:07:08.398Z] Using project from CLI flag: solteethgame
[debug] [2021-12-29T15:07:08.403Z] >>> [apiv2][query] GET https://firebase.googleapis.com/v1beta1/projects/solteethgame [none]
[debug] [2021-12-29T15:07:09.446Z] <<< [apiv2][status] GET https://firebase.googleapis.com/v1beta1/projects/solteethgame 200
[debug] [2021-12-29T15:07:09.447Z] <<< [apiv2][body] GET https://firebase.googleapis.com/v1beta1/projects/solteethgame {"projectId":"solteethgame","projectNumber":"242830170432","displayName":"SolTeethGame","name":"projects/solteethgame","resources":{"hostingSite":"solteethgame"},"state":"ACTIVE"}
[info] i  Using project solteethgame (SolTeethGame) 
[info] 
=== Hosting:github Setup
[info] 
[info] i  Detected a .git folder at D:\01_Blockchain Work\07_discord\SolTeethGame 
[info] i  Authorizing with GitHub to upload your service account to a GitHub repository's secrets store. 
[info] 
[info] Visit this URL on this device to log in:
[info] https://github.com/login/oauth/authorize?client_id=89cf50f02ac6aaed3484&state=262608158&redirect_uri=http%3A%2F%2Flocalhost%3A9005&scope=read%3Auser%20repo%20public_repo
[info] 
[info] Waiting for authentication...
